<?xml version="1.0" encoding="UTF-8"?>
<!-- Generated by org.testng.reporters.JUnitReportReporter -->
<testsuite hostname="DESKTOP-C69FE4D" failures="0" tests="1" name="testCase.TestClass" time="6.191" errors="0" timestamp="2023-01-17T18:38:33 IST" skipped="0">
  <testcase classname="testCase.TestClass" name="function" time="6.191"/>
  <system-out/>
</testsuite> <!-- testCase.TestClass -->
