<?xml version="1.0" encoding="UTF-8"?>
<!-- Generated by org.testng.reporters.JUnitReportReporter -->
<testsuite hostname="DESKTOP-C69FE4D" failures="0" tests="3" name="testCase.EditCurrentUserTC" time="43.363" errors="0" timestamp="2023-01-20T13:45:31 IST" skipped="0">
  <testcase classname="testCase.EditCurrentUserTC" name="TC_478" time="13.545"/>
  <system-out/>
  <testcase classname="testCase.EditCurrentUserTC" name="TC_476" time="15.680"/>
  <system-out/>
  <testcase classname="testCase.EditCurrentUserTC" name="TC_477" time="14.138"/>
  <system-out/>
</testsuite> <!-- testCase.EditCurrentUserTC -->
