<?xml version="1.0" encoding="UTF-8"?>
<!-- Generated by org.testng.reporters.JUnitReportReporter -->
<testsuite hostname="DESKTOP-C69FE4D" failures="0" tests="1" name="testCase.Login" time="6.658" errors="0" timestamp="2022-12-06T13:03:19 IST" skipped="0">
  <testcase classname="testCase.Login" name="login" time="6.658"/>
  <system-out/>
</testsuite> <!-- testCase.Login -->
